 INFO [main] (webtestBase.java:94)- Running login to existing account test...
 INFO [main] (WebAppCoreMethods.java:58)- Checking the logged in account...
 INFO [main] (TestRailLibrary.java:158)- Title: C2277 TODO: Login to existing account.
 INFO [main] (TestRailLibrary.java:187)- Status ID: 1 ---Passed
 INFO [main] (webtestBase.java:94)- Running login to existing account test...
 INFO [main] (WebAppCoreMethods.java:59)- Checking the logged in account...
 INFO [main] (TestRailLibrary.java:158)- Title: C2277 TODO: Login to existing account.
 INFO [main] (TestRailLibrary.java:187)- Status ID: 1 ---Passed
 INFO [main] (webtestBase.java:197)- Edwards site test
 INFO [main] (webtestBase.java:197)- Edwards site test
 INFO [main] (webtestBase.java:197)- Edwards site test
 INFO [main] (webtestBase.java:197)- Edwards site test
 INFO [main] (webtestBase.java:197)- Edwards site test
 INFO [main] (webtestBase.java:197)- Edwards site test
 INFO [main] (webtestBase.java:197)- Edwards site test
 INFO [main] (webtestBase.java:197)- Edwards site test
 INFO [main] (webtestBase.java:197)- Edwards site test
 INFO [main] (webtestBase.java:197)- Edwards site test
 INFO [main] (webtestBase.java:197)- Edwards site test
 INFO [main] (webtestBase.java:197)- Edwards site test
 INFO [main] (webtestBase.java:197)- Edwards site test
 INFO [main] (webtestBase.java:197)- Edwards site test
 INFO [main] (webtestBase.java:197)- Edwards site test
 INFO [main] (webtestBase.java:197)- Edwards site test
 INFO [main] (webtestBase.java:197)- Edwards site test
 INFO [main] (webtestBase.java:197)- Edwards site test
 INFO [main] (webtestBase.java:197)- Edwards site test
 INFO [main] (webtestBase.java:197)- Edwards site test
 INFO [main] (webtestBase.java:197)- Edwards site test
 INFO [main] (webtestBase.java:197)- Edwards site test
 INFO [main] (webtestBase.java:197)- Edwards site test
 INFO [main] (webtestBase.java:197)- Edwards site test
 INFO [main] (webtestBase.java:197)- Edwards site test
 INFO [main] (webtestBase.java:197)- Edwards site test
 INFO [main] (webtestBase.java:197)- Edwards site test
 INFO [main] (webtestBase.java:197)- Edwards site test
 INFO [main] (webtestBase.java:197)- Edwards site test
 INFO [main] (webtestBase.java:197)- Edwards site test
 INFO [main] (webtestBase.java:197)- Edwards site test
 INFO [main] (webtestBase.java:197)- Edwards site test
 INFO [main] (webtestBase.java:197)- Edwards site test
 INFO [main] (webtestBase.java:197)- Edwards site test
 INFO [main] (webtestBase.java:204)- QA Testing Site, input test
 INFO [main] (webtestBase.java:204)- QA Testing Site, input test
 INFO [main] (webtestBase.java:204)- QA Testing Site, input test
 INFO [main] (webtestBase.java:204)- QA Testing Site, input test
 INFO [main] (webtestBase.java:204)- QA Testing Site, input test
 INFO [main] (webtestBase.java:204)- QA Testing Site, input test
